<?xml version="1.0" encoding="UTF-8"?>
<!-- Generated by org.testng.reporters.JUnitXMLReporter -->
<testsuite ignored="5" hostname="Prakash" failures="0" tests="1" name="Test" time="176.933" errors="0" timestamp="2026-09-02T10:22:21 IST">
  <testcase classname="Google" name="GoogleSearch" time="176.891"/>
  <testcase classname="Google3" name="GoogleSearch" time="0.0">
    <ignored/>
  </testcase> <!-- GoogleSearch -->
  <testcase classname="SauceDemo" name="setup" time="0.0">
    <ignored/>
  </testcase> <!-- setup -->
  <testcase classname="Google2" name="GoogleSearch" time="0.0">
    <ignored/>
  </testcase> <!-- GoogleSearch -->
  <testcase classname="DemoE2E" name="Example1" time="0.0">
    <ignored/>
  </testcase> <!-- Example1 -->
  <testcase classname="DemoE2E" name="Example" time="0.0">
    <ignored/>
  </testcase> <!-- Example -->
</testsuite> <!-- Test -->
